<?xml version="1.0" encoding="UTF-8"?>
<!-- Generated by org.testng.reporters.JUnitReportReporter -->
<testsuite hostname="LTIN195134" failures="0" tests="3" name="com.travel_Insurance.testRunner.testRun" time="111.282" errors="0" timestamp="2024-04-12T12:47:37 IST" skipped="0">
  <testcase classname="com.travel_Insurance.testRunner.testRun" name="runScenario" time="28.366"/>
  <testcase classname="com.travel_Insurance.testRunner.testRun" name="runScenario" time="52.184"/>
  <testcase classname="com.travel_Insurance.testRunner.testRun" name="runScenario" time="30.732"/>
</testsuite> <!-- com.travel_Insurance.testRunner.testRun -->
